<?xml version="1.0" encoding="UTF-8"?>
<!-- Generated by org.testng.reporters.JUnitReportReporter -->
<testsuite skipped="0" hostname="Lenovo-PC" name="com.crm.qa.testcases.LoginPageTest2" tests="1" failures="0" timestamp="15 Jan 2019 05:16:37 GMT" time="12.064" errors="0">
  <testcase name="loginPageTitleTest" time="12.064" classname="com.crm.qa.testcases.LoginPageTest2"/>
</testsuite> <!-- com.crm.qa.testcases.LoginPageTest2 -->
